Determining if the pthread_create exist failed with the following output:
Change Dir: /home/mennatallah/nanodegree_ws/project_1/BuildMyWorld/build/CMakeFiles/CMakeTmp

Run Build Command:"/usr/bin/make" "cmTC_02d86/fast"
/usr/bin/make -f CMakeFiles/cmTC_02d86.dir/build.make CMakeFiles/cmTC_02d86.dir/build
make[1]: Entering directory '/home/mennatallah/nanodegree_ws/project_1/BuildMyWorld/build/CMakeFiles/CMakeTmp'
Building C object CMakeFiles/cmTC_02d86.dir/CheckSymbolExists.c.o
/usr/bin/cc    -o CMakeFiles/cmTC_02d86.dir/CheckSymbolExists.c.o   -c /home/mennatallah/nanodegree_ws/project_1/BuildMyWorld/build/CMakeFiles/CMakeTmp/CheckSymbolExists.c
Linking C executable cmTC_02d86
/usr/bin/cmake -E cmake_link_script CMakeFiles/cmTC_02d86.dir/link.txt --verbose=1
/usr/bin/cc      -rdynamic CMakeFiles/cmTC_02d86.dir/CheckSymbolExists.c.o  -o cmTC_02d86 
CMakeFiles/cmTC_02d86.dir/CheckSymbolExists.c.o: In function `main':
CheckSymbolExists.c:(.text+0x1b): undefined reference to `pthread_create'
collect2: error: ld returned 1 exit status
CMakeFiles/cmTC_02d86.dir/build.make:97: recipe for target 'cmTC_02d86' failed
make[1]: *** [cmTC_02d86] Error 1
make[1]: Leaving directory '/home/mennatallah/nanodegree_ws/project_1/BuildMyWorld/build/CMakeFiles/CMakeTmp'
Makefile:126: recipe for target 'cmTC_02d86/fast' failed
make: *** [cmTC_02d86/fast] Error 2

File /home/mennatallah/nanodegree_ws/project_1/BuildMyWorld/build/CMakeFiles/CMakeTmp/CheckSymbolExists.c:
/* */
#include <pthread.h>

int main(int argc, char** argv)
{
  (void)argv;
#ifndef pthread_create
  return ((int*)(&pthread_create))[argc];
#else
  (void)argc;
  return 0;
#endif
}

Determining if the function pthread_create exists in the pthreads failed with the following output:
Change Dir: /home/mennatallah/nanodegree_ws/project_1/BuildMyWorld/build/CMakeFiles/CMakeTmp

Run Build Command:"/usr/bin/make" "cmTC_1f0e9/fast"
/usr/bin/make -f CMakeFiles/cmTC_1f0e9.dir/build.make CMakeFiles/cmTC_1f0e9.dir/build
make[1]: Entering directory '/home/mennatallah/nanodegree_ws/project_1/BuildMyWorld/build/CMakeFiles/CMakeTmp'
Building C object CMakeFiles/cmTC_1f0e9.dir/CheckFunctionExists.c.o
/usr/bin/cc   -DCHECK_FUNCTION_EXISTS=pthread_create   -o CMakeFiles/cmTC_1f0e9.dir/CheckFunctionExists.c.o   -c /usr/share/cmake-3.10/Modules/CheckFunctionExists.c
Linking C executable cmTC_1f0e9
/usr/bin/cmake -E cmake_link_script CMakeFiles/cmTC_1f0e9.dir/link.txt --verbose=1
/usr/bin/cc  -DCHECK_FUNCTION_EXISTS=pthread_create    -rdynamic CMakeFiles/cmTC_1f0e9.dir/CheckFunctionExists.c.o  -o cmTC_1f0e9 -lpthreads 
/usr/bin/ld: cannot find -lpthreads
collect2: error: ld returned 1 exit status
CMakeFiles/cmTC_1f0e9.dir/build.make:97: recipe for target 'cmTC_1f0e9' failed
make[1]: *** [cmTC_1f0e9] Error 1
make[1]: Leaving directory '/home/mennatallah/nanodegree_ws/project_1/BuildMyWorld/build/CMakeFiles/CMakeTmp'
Makefile:126: recipe for target 'cmTC_1f0e9/fast' failed
make: *** [cmTC_1f0e9/fast] Error 2


